[2021/07/15 14:15:15] - Namespace(resume=False, prefix='Small training', seed=59572406, batch_size=232, epochs=100, lr_min=0.0001, lr_max=0.001, momentum=0.9, weight_decay=0.0001, target=None, rnd_target=False, iteration=20, step_size=0.005, epsilon=1, kernel_size=13, image_size=256, image_crop=224, data_directory='../Restricted_ImageNet', opt_level='O1')
[2021/07/15 14:15:15] - Epoch 	 Seconds 	 	 Train Loss 	 Train Acc
[2021/07/15 14:16:43] -     0 	    87.8 	 	   503.7115 	   21.8962
[2021/07/15 14:16:43] - Test Loss 	 Test Acc
[2021/07/15 14:16:46] -  504.2006 	  30.9914
[2021/07/15 14:18:20] -     1 	    93.7 	 	   469.9880 	   28.0373
[2021/07/15 14:18:20] - Test Loss 	 Test Acc
[2021/07/15 14:18:23] -  454.6205 	  39.1810
[2021/07/15 14:20:11] -     2 	   108.1 	 	   444.8715 	   32.4898
[2021/07/15 14:20:11] - Test Loss 	 Test Acc
[2021/07/15 14:20:14] -  432.7207 	  42.4569
[2021/07/15 14:21:46] -     3 	    91.5 	 	   419.3543 	   37.1199
[2021/07/15 14:21:46] - Test Loss 	 Test Acc
[2021/07/15 14:21:50] -  396.2934 	  46.7672
[2021/07/15 14:23:34] -     4 	   104.1 	 	   392.9443 	   41.3762
[2021/07/15 14:23:34] - Test Loss 	 Test Acc
[2021/07/15 14:23:37] -  351.9681 	  52.2845
[2021/07/15 14:25:12] -     5 	    94.0 	 	   367.7392 	   45.6433
[2021/07/15 14:25:12] - Test Loss 	 Test Acc
[2021/07/15 14:25:15] -  307.9573 	  60.3017
[2021/07/15 14:26:49] -     6 	    93.6 	 	   344.2212 	   49.2569
[2021/07/15 14:26:49] - Test Loss 	 Test Acc
[2021/07/15 14:26:52] -  302.9123 	  60.9483
[2021/07/15 14:28:22] -     7 	    90.1 	 	   323.4612 	   52.3545
[2021/07/15 14:28:22] - Test Loss 	 Test Acc
[2021/07/15 14:28:26] -  265.9441 	  65.4741
[2021/07/15 14:29:52] -     8 	    86.5 	 	   302.7736 	   55.6977
[2021/07/15 14:29:52] - Test Loss 	 Test Acc
[2021/07/15 14:29:55] -  252.4747 	  67.8448
[2021/07/15 14:31:27] -     9 	    91.8 	 	   284.0634 	   58.5651
[2021/07/15 14:31:27] - Test Loss 	 Test Acc
[2021/07/15 14:31:30] -  265.4051 	  69.0517
[2021/07/15 14:32:56] -    10 	    85.3 	 	   268.1810 	   61.0292
[2021/07/15 14:32:56] - Test Loss 	 Test Acc
[2021/07/15 14:32:59] -  217.1068 	  73.1897
[2021/07/15 14:34:26] -    11 	    86.7 	 	   251.7268 	   63.5336
[2021/07/15 14:34:26] - Test Loss 	 Test Acc
[2021/07/15 14:34:29] -  213.8374 	  72.8448
[2021/07/15 14:35:56] -    12 	    86.7 	 	   239.4228 	   65.2345
[2021/07/15 14:35:56] - Test Loss 	 Test Acc
[2021/07/15 14:36:00] -  194.1164 	  75.6466
[2021/07/15 14:37:34] -    13 	    93.7 	 	   225.8064 	   67.4808
[2021/07/15 14:37:34] - Test Loss 	 Test Acc
[2021/07/15 14:37:37] -  170.6863 	  78.1034
[2021/07/15 14:39:04] -    14 	    86.4 	 	   216.3556 	   68.9130
[2021/07/15 14:39:04] - Test Loss 	 Test Acc
[2021/07/15 14:39:07] -  161.6977 	  79.7414
[2021/07/15 14:40:35] -    15 	    88.1 	 	   205.9174 	   70.2308
[2021/07/15 14:40:35] - Test Loss 	 Test Acc
[2021/07/15 14:40:38] -  159.8472 	  80.2586
[2021/07/15 14:42:05] -    16 	    86.2 	 	   196.9897 	   71.6290
[2021/07/15 14:42:05] - Test Loss 	 Test Acc
[2021/07/15 14:42:08] -  153.0245 	  80.6897
[2021/07/15 14:43:35] -    17 	    87.0 	 	   189.1813 	   72.6981
[2021/07/15 14:43:35] - Test Loss 	 Test Acc
[2021/07/15 14:43:39] -  160.8061 	  79.4397
[2021/07/15 14:45:08] -    18 	    89.6 	 	   182.6861 	   73.6961
[2021/07/15 14:45:08] - Test Loss 	 Test Acc
[2021/07/15 14:45:12] -  144.4261 	  82.2414
[2021/07/15 14:46:38] -    19 	    85.6 	 	   175.0444 	   74.6246
[2021/07/15 14:46:38] - Test Loss 	 Test Acc
[2021/07/15 14:46:41] -  141.3773 	  81.8534
[2021/07/15 14:48:07] -    20 	    85.9 	 	   171.4404 	   75.4449
[2021/07/15 14:48:07] - Test Loss 	 Test Acc
[2021/07/15 14:48:11] -  124.0919 	  84.4828
[2021/07/15 14:49:38] -    21 	    87.2 	 	   166.0652 	   76.3194
[2021/07/15 14:49:38] - Test Loss 	 Test Acc
[2021/07/15 14:49:41] -  128.8245 	  83.8362
[2021/07/15 14:51:07] -    22 	    85.1 	 	   159.9948 	   76.9559
[2021/07/15 14:51:07] - Test Loss 	 Test Acc
[2021/07/15 14:51:10] -  122.9331 	  84.3534
[2021/07/15 14:52:36] -    23 	    85.9 	 	   157.6269 	   77.3946
[2021/07/15 14:52:36] - Test Loss 	 Test Acc
[2021/07/15 14:52:39] -  137.5204 	  83.8362
[2021/07/15 14:54:05] -    24 	    85.7 	 	   151.4004 	   78.4035
[2021/07/15 14:54:05] - Test Loss 	 Test Acc
[2021/07/15 14:54:08] -  126.4067 	  85.4310
[2021/07/15 14:55:34] -    25 	    85.0 	 	   146.9579 	   78.9890
[2021/07/15 14:55:34] - Test Loss 	 Test Acc
[2021/07/15 14:55:37] -  125.6754 	  85.9483
[2021/07/15 14:57:03] -    26 	    86.1 	 	   143.0288 	   79.6070
[2021/07/15 14:57:03] - Test Loss 	 Test Acc
[2021/07/15 14:57:06] -  119.7877 	  86.2931
[2021/07/15 14:58:34] -    27 	    86.8 	 	   141.7847 	   79.7522
[2021/07/15 14:58:34] - Test Loss 	 Test Acc
[2021/07/15 14:58:37] -  113.0650 	  86.2500
[2021/07/15 15:00:02] -    28 	    85.2 	 	   138.3753 	   80.3810
[2021/07/15 15:00:02] - Test Loss 	 Test Acc
[2021/07/15 15:00:05] -   97.6837 	  87.7155
[2021/07/15 15:01:32] -    29 	    87.0 	 	   134.1350 	   80.7564
[2021/07/15 15:01:32] - Test Loss 	 Test Acc
[2021/07/15 15:01:35] -  104.7703 	  86.8103
[2021/07/15 15:03:01] -    30 	    85.4 	 	   132.8849 	   80.8630
[2021/07/15 15:03:01] - Test Loss 	 Test Acc
[2021/07/15 15:03:04] -  112.4909 	  86.4655
[2021/07/15 15:04:31] -    31 	    86.1 	 	   129.4484 	   81.3960
[2021/07/15 15:04:31] - Test Loss 	 Test Acc
[2021/07/15 15:04:34] -   96.8552 	  87.8879
[2021/07/15 15:06:00] -    32 	    86.3 	 	   127.6632 	   81.7699
[2021/07/15 15:06:00] - Test Loss 	 Test Acc
[2021/07/15 15:06:03] -   92.0313 	  88.6207
[2021/07/15 15:07:30] -    33 	    86.2 	 	   124.4192 	   82.2658
[2021/07/15 15:07:30] - Test Loss 	 Test Acc
[2021/07/15 15:07:33] -  115.9117 	  86.0776
[2021/07/15 15:09:07] -    34 	    93.6 	 	   123.3850 	   82.3183
[2021/07/15 15:09:07] - Test Loss 	 Test Acc
[2021/07/15 15:09:10] -   93.5958 	  88.3621
[2021/07/15 15:10:36] -    35 	    85.7 	 	   121.4985 	   82.5516
[2021/07/15 15:10:36] - Test Loss 	 Test Acc
[2021/07/15 15:10:39] -   89.7388 	  89.0517
[2021/07/15 15:12:09] -    36 	    89.4 	 	   116.4573 	   83.4198
[2021/07/15 15:12:09] - Test Loss 	 Test Acc
[2021/07/15 15:12:12] -  105.4184 	  87.4569
[2021/07/15 15:13:40] -    37 	    88.4 	 	   117.4225 	   83.1016
[2021/07/15 15:13:40] - Test Loss 	 Test Acc
[2021/07/15 15:13:44] -  106.2145 	  86.9397
[2021/07/15 15:15:09] -    38 	    85.7 	 	   114.3050 	   83.6732
[2021/07/15 15:15:09] - Test Loss 	 Test Acc
[2021/07/15 15:15:12] -   93.1564 	  88.6207
[2021/07/15 15:16:39] -    39 	    86.2 	 	   112.9158 	   83.8432
[2021/07/15 15:16:39] - Test Loss 	 Test Acc
[2021/07/15 15:16:42] -   96.8654 	  88.9655
[2021/07/15 15:18:10] -    40 	    87.9 	 	   114.5442 	   83.5404
[2021/07/15 15:18:10] - Test Loss 	 Test Acc
[2021/07/15 15:18:13] -   93.4380 	  88.6207
[2021/07/15 15:19:39] -    41 	    85.2 	 	   111.0599 	   84.0471
[2021/07/15 15:19:39] - Test Loss 	 Test Acc
[2021/07/15 15:19:42] -   90.2296 	  88.7931
[2021/07/15 15:21:11] -    42 	    89.4 	 	   108.7670 	   84.4364
[2021/07/15 15:21:11] - Test Loss 	 Test Acc
[2021/07/15 15:21:15] -   77.9054 	  90.1724
[2021/07/15 15:22:42] -    43 	    87.1 	 	   106.5756 	   84.6048
[2021/07/15 15:22:42] - Test Loss 	 Test Acc
[2021/07/15 15:22:45] -   86.1703 	  89.7414
[2021/07/15 15:24:11] -    44 	    85.9 	 	   104.9515 	   85.0297
[2021/07/15 15:24:11] - Test Loss 	 Test Acc
[2021/07/15 15:24:14] -   99.9048 	  88.1897
[2021/07/15 15:26:31] -    45 	   136.0 	 	   102.2199 	   85.3108
[2021/07/15 15:26:31] - Test Loss 	 Test Acc
[2021/07/15 15:26:33] -   86.2028 	  90.1293
[2021/07/15 15:29:05] -    46 	   151.2 	 	   102.0869 	   85.3278
[2021/07/15 15:29:05] - Test Loss 	 Test Acc
[2021/07/15 15:29:08] -   84.3610 	  89.8707
[2021/07/15 15:31:04] -    47 	   115.4 	 	   100.5624 	   85.5580
[2021/07/15 15:31:04] - Test Loss 	 Test Acc
[2021/07/15 15:31:07] -   85.2294 	  90.0862
[2021/07/15 15:32:33] -    48 	    85.4 	 	    98.5560 	   85.8840
[2021/07/15 15:32:33] - Test Loss 	 Test Acc
[2021/07/15 15:32:36] -   83.9236 	  89.8707
[2021/07/15 15:34:03] -    49 	    87.5 	 	    98.5074 	   85.9134
[2021/07/15 15:34:03] - Test Loss 	 Test Acc
[2021/07/15 15:34:07] -   74.3113 	  90.1724
[2021/07/15 15:35:35] -    50 	    87.8 	 	    97.3056 	   86.1652
[2021/07/15 15:35:35] - Test Loss 	 Test Acc
[2021/07/15 15:35:38] -   83.1179 	  90.0431
[2021/07/15 15:37:06] -    51 	    88.0 	 	    95.9114 	   86.3351
[2021/07/15 15:37:06] - Test Loss 	 Test Acc
[2021/07/15 15:37:09] -   88.6603 	  89.6121
[2021/07/15 15:38:37] -    52 	    87.6 	 	    95.1956 	   86.2115
[2021/07/15 15:38:37] - Test Loss 	 Test Acc
[2021/07/15 15:38:40] -   83.5176 	  90.1724
[2021/07/15 15:40:05] -    53 	    84.9 	 	    92.4108 	   86.7615
[2021/07/15 15:40:05] - Test Loss 	 Test Acc
[2021/07/15 15:40:08] -   88.8293 	  90.2586
[2021/07/15 15:41:39] -    54 	    90.2 	 	    92.0051 	   86.7801
[2021/07/15 15:41:39] - Test Loss 	 Test Acc
[2021/07/15 15:41:42] -   77.5515 	  91.1207
[2021/07/15 15:43:08] -    55 	    85.9 	 	    91.8670 	   86.9902
[2021/07/15 15:43:08] - Test Loss 	 Test Acc
[2021/07/15 15:43:11] -   87.6263 	  89.7414
